[10:41:06] [Client thread/INFO]: Setting user: Player591
[10:41:11] [Client thread/INFO]: LWJGL Version: 2.9.4
[10:41:12] [Client thread/INFO]: [STDOUT]: ---- Minecraft Crash Report ----
// Who set us up the TNT?

Time: 8/15/17 10:41 AM
Description: Loading screen debug info

This is just a prompt for computer specs to be printed. THIS IS NOT A ERROR


A detailed walkthrough of the error, its code path and all known details is as follows:
---------------------------------------------------------------------------------------

-- System Details --
Details:
	Minecraft Version: 1.11
	Operating System: Windows 10 (amd64) version 10.0
	Java Version: 1.8.0_131, Oracle Corporation
	Java VM Version: Java HotSpot(TM) 64-Bit Server VM (mixed mode), Oracle Corporation
	Memory: 361102672 bytes (344 MB) / 618135552 bytes (589 MB) up to 1888485376 bytes (1801 MB)
	JVM Flags: 0 total; 
	IntCache: cache: 0, tcache: 0, allocated: 0, tallocated: 0
	FML: 
	Loaded coremods (and transformers): 
	GL info: ' Vendor: 'Intel' Version: '4.3.0 - Build 20.19.15.4568' Renderer: 'Intel(R) HD Graphics 4400'
[10:41:17] [Client thread/INFO]: Reloading ResourceManager: Default, FMLFileResourcePack:Forge Mod Loader, FMLFileResourcePack:Minecraft Forge, FMLFileResourcePack:Minecraft By Example
[10:41:17] [Client thread/INFO]: [STDOUT]: MBE70: myInteger=10; myBoolean=true; myString=default
[10:41:17] [Client thread/INFO]: [STDOUT]: MBE70: myDouble=0.8; myColour=red
[10:41:21] [Sound Library Loader/INFO]: Starting up SoundSystem...
[10:41:21] [Thread-7/INFO]: Initializing LWJGL OpenAL
[10:41:21] [Thread-7/INFO]: (The LWJGL binding of OpenAL.  For more information, see http://www.lwjgl.org)
[10:41:21] [Thread-7/INFO]: OpenAL initialized.
[10:41:22] [Sound Library Loader/INFO]: Sound engine started
[10:41:27] [Client thread/INFO]: Created: 16x16 textures-atlas
[10:41:29] [Client thread/INFO]: Reloading ResourceManager: Default, FMLFileResourcePack:Forge Mod Loader, FMLFileResourcePack:Minecraft Forge, FMLFileResourcePack:Minecraft By Example
[10:41:31] [Client thread/INFO]: SoundSystem shutting down...
[10:41:31] [Client thread/WARN]: Author: Paul Lamb, www.paulscode.com
[10:41:31] [Sound Library Loader/INFO]: Starting up SoundSystem...
[10:41:32] [Thread-9/INFO]: Initializing LWJGL OpenAL
[10:41:32] [Thread-9/INFO]: (The LWJGL binding of OpenAL.  For more information, see http://www.lwjgl.org)
[10:41:32] [Thread-9/INFO]: OpenAL initialized.
[10:41:32] [Sound Library Loader/INFO]: Sound engine started
[10:41:36] [Client thread/INFO]: Created: 512x512 textures-atlas
[10:41:41] [Realms Notification Availability checker #1/INFO]: Could not authorize you against Realms server: Invalid session id
[10:42:03] [Server thread/INFO]: Starting integrated minecraft server version 1.11
[10:42:03] [Server thread/INFO]: Generating keypair
[10:42:05] [Server thread/INFO]: Preparing start region for level 0
[10:42:06] [Server thread/INFO]: Preparing spawn area: 5%
[10:42:07] [Server thread/INFO]: Preparing spawn area: 7%
[10:42:08] [Server thread/INFO]: Preparing spawn area: 11%
[10:42:09] [Server thread/INFO]: Preparing spawn area: 16%
[10:42:10] [Server thread/INFO]: Preparing spawn area: 21%
[10:42:11] [Server thread/INFO]: Preparing spawn area: 27%
[10:42:12] [Server thread/INFO]: Preparing spawn area: 31%
[10:42:13] [Server thread/INFO]: Preparing spawn area: 36%
[10:42:14] [Server thread/INFO]: Preparing spawn area: 41%
[10:42:15] [Server thread/INFO]: Preparing spawn area: 48%
[10:42:16] [Server thread/INFO]: Preparing spawn area: 54%
[10:42:17] [Server thread/INFO]: Preparing spawn area: 61%
[10:42:18] [Server thread/INFO]: Preparing spawn area: 70%
[10:42:19] [Server thread/INFO]: Preparing spawn area: 79%
[10:42:20] [Server thread/INFO]: Preparing spawn area: 88%
[10:42:21] [Server thread/INFO]: Preparing spawn area: 98%
[10:42:22] [Server thread/INFO]: Changing view distance to 12, from 10
[10:42:27] [Server thread/INFO]: Player591[local:E:7662a71c] logged in with entity id 2005 at (75.5, 73.0, 245.5)
[10:42:27] [Server thread/INFO]: Player591 joined the game
[10:42:30] [pool-2-thread-1/WARN]: Couldn't look up profile properties for com.mojang.authlib.GameProfile@36d14ed6[id=3c7cef0c-c4d3-3eb2-a04d-c369cce398ef,name=Player591,properties={},legacy=false]
com.mojang.authlib.exceptions.AuthenticationException: The client has sent too many requests within a certain amount of time
	at com.mojang.authlib.yggdrasil.YggdrasilAuthenticationService.makeRequest(YggdrasilAuthenticationService.java:79) ~[YggdrasilAuthenticationService.class:?]
	at com.mojang.authlib.yggdrasil.YggdrasilMinecraftSessionService.fillGameProfile(YggdrasilMinecraftSessionService.java:180) [YggdrasilMinecraftSessionService.class:?]
	at com.mojang.authlib.yggdrasil.YggdrasilMinecraftSessionService$1.load(YggdrasilMinecraftSessionService.java:60) [YggdrasilMinecraftSessionService$1.class:?]
	at com.mojang.authlib.yggdrasil.YggdrasilMinecraftSessionService$1.load(YggdrasilMinecraftSessionService.java:57) [YggdrasilMinecraftSessionService$1.class:?]
	at com.google.common.cache.LocalCache$LoadingValueReference.loadFuture(LocalCache.java:3524) [guava-17.0.jar:?]
	at com.google.common.cache.LocalCache$Segment.loadSync(LocalCache.java:2317) [guava-17.0.jar:?]
	at com.google.common.cache.LocalCache$Segment.lockedGetOrLoad(LocalCache.java:2280) [guava-17.0.jar:?]
	at com.google.common.cache.LocalCache$Segment.get(LocalCache.java:2195) [guava-17.0.jar:?]
	at com.google.common.cache.LocalCache.get(LocalCache.java:3934) [guava-17.0.jar:?]
	at com.google.common.cache.LocalCache.getOrLoad(LocalCache.java:3938) [guava-17.0.jar:?]
	at com.google.common.cache.LocalCache$LocalLoadingCache.get(LocalCache.java:4821) [guava-17.0.jar:?]
	at com.google.common.cache.LocalCache$LocalLoadingCache.getUnchecked(LocalCache.java:4827) [guava-17.0.jar:?]
	at com.mojang.authlib.yggdrasil.YggdrasilMinecraftSessionService.fillProfileProperties(YggdrasilMinecraftSessionService.java:170) [YggdrasilMinecraftSessionService.class:?]
	at net.minecraft.client.Minecraft.getProfileProperties(Minecraft.java:3054) [Minecraft.class:?]
	at net.minecraft.client.resources.SkinManager$3.run(SkinManager.java:138) [SkinManager$3.class:?]
	at java.util.concurrent.Executors$RunnableAdapter.call(Unknown Source) [?:1.8.0_131]
	at java.util.concurrent.FutureTask.run(Unknown Source) [?:1.8.0_131]
	at java.util.concurrent.ThreadPoolExecutor.runWorker(Unknown Source) [?:1.8.0_131]
	at java.util.concurrent.ThreadPoolExecutor$Worker.run(Unknown Source) [?:1.8.0_131]
	at java.lang.Thread.run(Unknown Source) [?:1.8.0_131]
[10:42:39] [Server thread/WARN]: Can't keep up! Did the system time change, or is the server overloaded? Running 11944ms behind, skipping 238 tick(s)
[10:42:50] [Server thread/WARN]: Can't keep up! Did the system time change, or is the server overloaded? Running 6421ms behind, skipping 128 tick(s)
[10:42:53] [Server thread/INFO]: Saving and pausing game...
[10:42:53] [Server thread/INFO]: Saving chunks for level 'New World'/Overworld
[10:42:55] [Server thread/INFO]: Saving chunks for level 'New World'/Nether
[10:42:55] [Server thread/INFO]: Saving chunks for level 'New World'/The End
[10:43:04] [Server thread/WARN]: Can't keep up! Did the system time change, or is the server overloaded? Running 2941ms behind, skipping 58 tick(s)
[10:43:10] [Server thread/INFO]: Player591 has just earned the achievement [Taking Inventory]
[10:43:10] [Client thread/INFO]: [CHAT] Player591 has just earned the achievement [Taking Inventory]
[10:43:24] [Server thread/INFO]: Saving and pausing game...
[10:43:24] [Server thread/INFO]: Saving chunks for level 'New World'/Overworld
[10:43:24] [Server thread/INFO]: Saving chunks for level 'New World'/Nether
[10:43:24] [Server thread/INFO]: Saving chunks for level 'New World'/The End
[10:43:37] [Server thread/INFO]: Saving and pausing game...
[10:43:37] [Server thread/INFO]: Saving chunks for level 'New World'/Overworld
[10:43:38] [Server thread/INFO]: Saving chunks for level 'New World'/Nether
[10:43:38] [Server thread/INFO]: Saving chunks for level 'New World'/The End
[10:43:39] [Server thread/INFO]: Stopping server
[10:43:39] [Server thread/INFO]: Saving players
[10:43:39] [Server thread/INFO]: Player591 lost connection: TextComponent{text='Disconnected', siblings=[], style=Style{hasParent=false, color=null, bold=null, italic=null, underlined=null, obfuscated=null, clickEvent=null, hoverEvent=null, insertion=null}}
[10:43:39] [Server thread/INFO]: Player591 left the game
[10:43:39] [Server thread/INFO]: Stopping singleplayer server as player logged out
[10:43:39] [Server thread/INFO]: Saving worlds
[10:43:39] [Server thread/INFO]: Saving chunks for level 'New World'/Overworld
[10:43:39] [Server thread/INFO]: Saving chunks for level 'New World'/Nether
[10:43:39] [Server thread/INFO]: Saving chunks for level 'New World'/The End
[10:43:44] [Client thread/INFO]: Stopping!
[10:43:44] [Client thread/INFO]: SoundSystem shutting down...
[10:43:44] [Client thread/WARN]: Author: Paul Lamb, www.paulscode.com
